2016-06-07 20:41:27,610 [main] INFO  marytts.main Mary starting up...
2016-06-07 20:41:27,613 [main] INFO  marytts.main Specification version 5.1.2
2016-06-07 20:41:27,613 [main] INFO  marytts.main Implementation version unknown
2016-06-07 20:41:27,613 [main] INFO  marytts.main Running on a Java 1.8.0_91 implementation by Oracle Corporation, on a Windows 10 platform (amd64, 10.0)
2016-06-07 20:41:27,696 [main] INFO  marytts.ModuleRegistry Now initiating mary module 'marytts.language.en.JTokeniser'
2016-06-07 20:41:27,702 [main] INFO  marytts.ModuleRegistry Now initiating mary module 'marytts.language.en.FreeTTSTokenToWords'
2016-06-07 20:41:27,713 [main] INFO  marytts.ModuleRegistry Now initiating mary module 'marytts.modules.JPhonemiser(en_US.)'
2016-06-07 20:41:27,715 [main] INFO  marytts.JPhonemiser User dictionary '.\user-dictionaries\userdict-en_US.txt' for locale 'en_US' does not exist. Ignoring.
2016-06-07 20:41:27,790 [main] INFO  marytts.ModuleRegistry Now initiating mary module 'marytts.modules.JPhonemiser(en_GB.)'
2016-06-07 20:41:27,791 [main] INFO  marytts.JPhonemiser User dictionary '.\user-dictionaries\userdict-en_GB.txt' for locale 'en_GB' does not exist. Ignoring.
2016-06-07 20:41:27,833 [main] INFO  marytts.ModuleRegistry Now initiating mary module 'marytts.language.en.Prosody'
2016-06-07 20:41:27,837 [main] INFO  marytts.ModuleRegistry Now initiating mary module 'marytts.modules.SimplePhoneme2AP(en_US)'
2016-06-07 20:41:27,838 [main] INFO  marytts.ModuleRegistry Now initiating mary module 'marytts.language.en.Utt2XMLWordsEn'
2016-06-07 20:41:27,840 [main] INFO  marytts.ModuleRegistry Now initiating mary module 'marytts.language.en.XML2UttTokensEn'
2016-06-07 20:41:27,844 [main] INFO  marytts.ModuleRegistry Now initiating mary module 'marytts.language.en.PronunciationModel'
2016-06-07 20:41:27,845 [main] INFO  marytts.ModuleRegistry Now initiating mary module 'marytts.modules.OpenNLPPosTagger(en,en.pos)'
2016-06-07 20:41:27,846 [main] INFO  marytts.ModuleRegistry Now initiating mary module 'marytts.modules.Synthesis'
2016-06-07 20:41:27,847 [main] INFO  marytts.ModuleRegistry Now initiating mary module 'marytts.modules.TextToMaryXML'
2016-06-07 20:41:27,847 [main] INFO  marytts.ModuleRegistry Now initiating mary module 'marytts.modules.SableParser'
2016-06-07 20:41:27,848 [main] INFO  marytts.ModuleRegistry Now initiating mary module 'marytts.modules.SSMLParser'
2016-06-07 20:41:27,848 [main] INFO  marytts.ModuleRegistry Now initiating mary module 'marytts.modules.APMLParser'
2016-06-07 20:41:27,849 [main] INFO  marytts.ModuleRegistry Now initiating mary module 'marytts.modules.EmotionmlParser'
2016-06-07 20:41:27,849 [main] INFO  marytts.ModuleRegistry Now initiating mary module 'marytts.modules.JTokeniser'
2016-06-07 20:41:27,849 [main] INFO  marytts.ModuleRegistry Now initiating mary module 'marytts.modules.DummyTokens2Words'
2016-06-07 20:41:27,850 [main] INFO  marytts.ModuleRegistry Now initiating mary module 'marytts.modules.ProsodyGeneric'
2016-06-07 20:41:27,850 [main] INFO  marytts.ModuleRegistry Now initiating mary module 'marytts.modules.PronunciationModel'
2016-06-07 20:41:27,850 [main] INFO  marytts.ModuleRegistry Now initiating mary module 'marytts.modules.TargetFeatureLister'
2016-06-07 20:41:27,850 [main] INFO  marytts.ModuleRegistry Now initiating mary module 'marytts.modules.HalfPhoneTargetFeatureLister'
2016-06-07 20:41:27,851 [main] INFO  marytts.ModuleRegistry Now initiating mary module 'marytts.modules.AcousticModeller'
2016-06-07 20:41:27,852 [main] INFO  marytts.ModuleRegistry Now initiating mary module 'marytts.modules.RealisedAcoustparamsExtractor'
2016-06-07 20:41:27,852 [main] INFO  marytts.ModuleRegistry Now initiating mary module 'marytts.modules.RealisedDurationsExtractor'
2016-06-07 20:41:27,852 [main] INFO  marytts.ModuleRegistry Now initiating mary module 'marytts.modules.HTSEngine'
2016-06-07 20:41:27,854 [main] INFO  marytts.ModuleRegistry Now initiating mary module 'marytts.modules.PraatTextGridGenerator'
2016-06-07 20:41:27,857 [main] INFO  marytts.JTokeniser Module started (RAWMARYXML->TOKENS, locale en).
2016-06-07 20:41:27,891 [main] INFO  marytts.JTokeniser Starting power-on self test.
2016-06-07 20:41:27,894 [main] INFO  marytts.JTokeniser Power-on self test complete.
2016-06-07 20:41:27,894 [main] INFO  marytts.TokenToWords Module started (FREETTS_TOKENS->FREETTS_WORDS, locale en).
2016-06-07 20:41:27,895 [main] INFO  marytts.FreeTTSVoices Loading US English FreeTTS voices...
2016-06-07 20:41:27,898 [main] INFO  marytts.FreeTTSVoices done.
2016-06-07 20:41:27,908 [main] INFO  marytts.TokenToWords Starting power-on self test.
2016-06-07 20:41:27,908 [main] INFO  marytts.TokenToWords Power-on self test complete.
2016-06-07 20:41:27,909 [main] INFO  marytts.JPhonemiser Module started (PARTSOFSPEECH->PHONEMES, locale en_US).
2016-06-07 20:41:27,909 [main] INFO  marytts.JPhonemiser Starting power-on self test.
2016-06-07 20:41:27,909 [main] INFO  marytts.JPhonemiser Power-on self test complete.
2016-06-07 20:41:27,909 [main] INFO  marytts.JPhonemiser Module started (PARTSOFSPEECH->PHONEMES, locale en_GB).
2016-06-07 20:41:27,909 [main] INFO  marytts.JPhonemiser Starting power-on self test.
2016-06-07 20:41:27,909 [main] INFO  marytts.JPhonemiser Power-on self test complete.
2016-06-07 20:41:27,917 [main] INFO  marytts.Prosody Module started (PHONEMES->INTONATION, locale en).
2016-06-07 20:41:27,917 [main] INFO  marytts.Prosody Starting power-on self test.
2016-06-07 20:41:27,917 [main] INFO  marytts.Prosody Power-on self test complete.
2016-06-07 20:41:27,917 [main] INFO  marytts.SimplePhoneme2AP Module started (SIMPLEPHONEMES->ACOUSTPARAMS, locale en_US).
2016-06-07 20:41:27,917 [main] INFO  marytts.SimplePhoneme2AP Starting power-on self test.
2016-06-07 20:41:27,923 [main] INFO  marytts.SimplePhoneme2AP Power-on self test complete.
2016-06-07 20:41:27,924 [main] INFO  marytts.Utt2XML WordsEn Module started (FREETTS_WORDS->WORDS, locale en).
2016-06-07 20:41:27,924 [main] INFO  marytts.FreeTTSVoices Loading US English FreeTTS voices...
2016-06-07 20:41:27,924 [main] INFO  marytts.FreeTTSVoices done.
2016-06-07 20:41:27,924 [main] INFO  marytts.Utt2XML WordsEn Starting power-on self test.
2016-06-07 20:41:27,924 [main] INFO  marytts.Utt2XML WordsEn Power-on self test complete.
2016-06-07 20:41:27,924 [main] INFO  marytts.XML2Utt TokensEn Module started (TOKENS->FREETTS_TOKENS, locale en).
2016-06-07 20:41:27,924 [main] INFO  marytts.FreeTTSVoices Loading US English FreeTTS voices...
2016-06-07 20:41:27,924 [main] INFO  marytts.FreeTTSVoices done.
2016-06-07 20:41:27,924 [main] INFO  marytts.XML2Utt TokensEn Starting power-on self test.
2016-06-07 20:41:27,924 [main] INFO  marytts.XML2Utt TokensEn Power-on self test complete.
2016-06-07 20:41:27,924 [main] INFO  marytts.PronunciationModel Module started (INTONATION->ALLOPHONES, locale en).
2016-06-07 20:41:27,924 [main] INFO  marytts.PronunciationModel Starting power-on self test.
2016-06-07 20:41:27,925 [main] INFO  marytts.PronunciationModel Power-on self test complete.
2016-06-07 20:41:27,925 [main] INFO  marytts.OpenNLPPosTagger Module started (WORDS->PARTSOFSPEECH, locale en).
2016-06-07 20:41:28,632 [main] INFO  marytts.OpenNLPPosTagger Starting power-on self test.
2016-06-07 20:41:28,632 [main] INFO  marytts.OpenNLPPosTagger Power-on self test complete.
2016-06-07 20:41:28,634 [main] INFO  marytts.UnitSelectionSynthesizer started.
2016-06-07 20:41:28,635 [main] INFO  marytts.TargetFeatureLister Module started (ACOUSTPARAMS->TARGETFEATURES, locale null).
2016-06-07 20:41:28,635 [main] INFO  marytts.HTSEngine Module started (TARGETFEATURES->AUDIO, locale null).
2016-06-07 20:41:28,651 [main] INFO  marytts.HMMData Loading Tree Set in CARTs:
2016-06-07 20:41:28,726 [main] INFO  marytts.HMMData Loading GV Model Set:
2016-06-07 20:41:28,997 [main] INFO  marytts.Voice Registering voice `cmu-slt-hsmm': female, locale en_US
2016-06-07 20:41:29,004 [main] INFO  marytts.Voice New default voice for locale en_US: cmu-slt-hsmm (desire 0)
2016-06-07 20:41:29,004 [main] INFO  marytts.HMMSynthesizer started.
2016-06-07 20:41:29,004 [main] INFO  marytts.Synthesis Module started (ACOUSTPARAMS->AUDIO, locale null).
2016-06-07 20:41:29,004 [main] INFO  marytts.HMMSynthesizer Starting power-on self test.
2016-06-07 20:41:29,015 [main] INFO  marytts.HTSEngine Using prosody from acoustparams.
2016-06-07 20:41:29,016 [main] INFO  marytts.HTSEngine Number of models in sentence numModel=7  Total number of states numState=35
2016-06-07 20:41:29,016 [main] INFO  marytts.HTSEngine Total number of frames=147  Number of voiced frames=89
2016-06-07 20:41:29,019 [main] INFO  marytts.ParameterGeneration Parameter generation for MGC: 
2016-06-07 20:41:29,020 [main] INFO  marytts.PStream Context-dependent global variance optimization: gvLength = 107
2016-06-07 20:41:29,023 [main] INFO  marytts.PStream Gradient GV optimization for feature: (0)  number of iterations=23
2016-06-07 20:41:29,032 [main] INFO  marytts.PStream Gradient GV optimization for feature: (1)  number of iterations=54
2016-06-07 20:41:29,035 [main] INFO  marytts.PStream Gradient GV optimization for feature: (2)  number of iterations=38
2016-06-07 20:41:29,036 [main] INFO  marytts.PStream Gradient GV optimization for feature: (3)  number of iterations=20
2016-06-07 20:41:29,037 [main] INFO  marytts.PStream Gradient GV optimization for feature: (4)  number of iterations=13
2016-06-07 20:41:29,038 [main] INFO  marytts.PStream Gradient GV optimization for feature: (5)  number of iterations=21
2016-06-07 20:41:29,039 [main] INFO  marytts.PStream Gradient GV optimization for feature: (6)  number of iterations=7
2016-06-07 20:41:29,040 [main] INFO  marytts.PStream Gradient GV optimization for feature: (7)  number of iterations=4
2016-06-07 20:41:29,040 [main] INFO  marytts.PStream Gradient GV optimization for feature: (8)  number of iterations=11
2016-06-07 20:41:29,041 [main] INFO  marytts.PStream Gradient GV optimization for feature: (9)  number of iterations=19
2016-06-07 20:41:29,041 [main] INFO  marytts.PStream Gradient GV optimization for feature: (10)  number of iterations=16
2016-06-07 20:41:29,042 [main] INFO  marytts.PStream Gradient GV optimization for feature: (11)  number of iterations=9
2016-06-07 20:41:29,042 [main] INFO  marytts.PStream Gradient GV optimization for feature: (12)  number of iterations=2
2016-06-07 20:41:29,042 [main] INFO  marytts.PStream Gradient GV optimization for feature: (13)  number of iterations=13
2016-06-07 20:41:29,043 [main] INFO  marytts.PStream Gradient GV optimization for feature: (14)  number of iterations=12
2016-06-07 20:41:29,043 [main] INFO  marytts.PStream Gradient GV optimization for feature: (15)  number of iterations=14
2016-06-07 20:41:29,043 [main] INFO  marytts.PStream Gradient GV optimization for feature: (16)  number of iterations=15
2016-06-07 20:41:29,044 [main] INFO  marytts.PStream Gradient GV optimization for feature: (17)  number of iterations=14
2016-06-07 20:41:29,044 [main] INFO  marytts.PStream Gradient GV optimization for feature: (18)  number of iterations=19
2016-06-07 20:41:29,045 [main] INFO  marytts.PStream Gradient GV optimization for feature: (19)  number of iterations=12
2016-06-07 20:41:29,045 [main] INFO  marytts.PStream Gradient GV optimization for feature: (20)  number of iterations=17
2016-06-07 20:41:29,046 [main] INFO  marytts.PStream Gradient GV optimization for feature: (21)  number of iterations=23
2016-06-07 20:41:29,046 [main] INFO  marytts.PStream Gradient GV optimization for feature: (22)  number of iterations=12
2016-06-07 20:41:29,047 [main] INFO  marytts.PStream Gradient GV optimization for feature: (23)  number of iterations=18
2016-06-07 20:41:29,047 [main] INFO  marytts.PStream Gradient GV optimization for feature: (24)  number of iterations=12
2016-06-07 20:41:29,047 [main] INFO  marytts.PStream Gradient GV optimization for feature: (25)  number of iterations=11
2016-06-07 20:41:29,048 [main] INFO  marytts.PStream Gradient GV optimization for feature: (26)  number of iterations=13
2016-06-07 20:41:29,048 [main] INFO  marytts.PStream Gradient GV optimization for feature: (27)  number of iterations=9
2016-06-07 20:41:29,049 [main] INFO  marytts.PStream Gradient GV optimization for feature: (28)  number of iterations=13
2016-06-07 20:41:29,049 [main] INFO  marytts.PStream Gradient GV optimization for feature: (29)  number of iterations=8
2016-06-07 20:41:29,049 [main] INFO  marytts.PStream Gradient GV optimization for feature: (30)  number of iterations=11
2016-06-07 20:41:29,050 [main] INFO  marytts.PStream Gradient GV optimization for feature: (31)  number of iterations=12
2016-06-07 20:41:29,050 [main] INFO  marytts.PStream Gradient GV optimization for feature: (32)  number of iterations=7
2016-06-07 20:41:29,051 [main] INFO  marytts.PStream Gradient GV optimization for feature: (33)  number of iterations=8
2016-06-07 20:41:29,051 [main] INFO  marytts.PStream Gradient GV optimization for feature: (34)  number of iterations=12
2016-06-07 20:41:29,051 [main] INFO  marytts.ParameterGeneration Using f0 from maryXML acoustparams
2016-06-07 20:41:29,051 [main] INFO  marytts.PStream Context-dependent global variance optimization: gvLength = 107
2016-06-07 20:41:29,052 [main] INFO  marytts.PStream Gradient GV optimization for feature: (0)  number of iterations=16
2016-06-07 20:41:29,052 [main] INFO  marytts.PStream Gradient GV optimization for feature: (1)  number of iterations=2
2016-06-07 20:41:29,052 [main] INFO  marytts.PStream Gradient GV optimization for feature: (2)  number of iterations=2
2016-06-07 20:41:29,053 [main] INFO  marytts.PStream Gradient GV optimization for feature: (3)  number of iterations=8
2016-06-07 20:41:29,054 [main] INFO  marytts.PStream Gradient GV optimization for feature: (4)  number of iterations=26
2016-06-07 20:41:29,065 [main] INFO  marytts.HMMSynthesizer Power-on self test complete.
2016-06-07 20:41:29,065 [main] INFO  marytts.TextToMaryXML Module started (TEXT->RAWMARYXML, locale null).
2016-06-07 20:41:29,065 [main] INFO  marytts.TextToMaryXML Starting power-on self test.
2016-06-07 20:41:29,066 [main] WARN  marytts.TextToMaryXML Locale is null, overriding with de_DE
2016-06-07 20:41:29,066 [main] WARN  marytts.TextToMaryXML Locale is null, overriding with de_DE
2016-06-07 20:41:29,066 [main] INFO  marytts.TextToMaryXML Power-on self test complete.
2016-06-07 20:41:29,391 [main] INFO  marytts.SableParser Module started (SABLE->RAWMARYXML, locale null).
2016-06-07 20:41:29,391 [main] INFO  marytts.SableParser Starting power-on self test.
2016-06-07 20:41:29,391 [main] INFO  marytts.SableParser Power-on self test complete.
2016-06-07 20:41:29,440 [main] INFO  marytts.SSMLParser Module started (SSML->RAWMARYXML, locale null).
2016-06-07 20:41:29,440 [main] INFO  marytts.SSMLParser Starting power-on self test.
2016-06-07 20:41:29,440 [main] INFO  marytts.SSMLParser Power-on self test complete.
2016-06-07 20:41:29,478 [main] INFO  marytts.APMLParser Module started (APML->RAWMARYXML, locale null).
2016-06-07 20:41:29,478 [main] INFO  marytts.APMLParser Starting power-on self test.
2016-06-07 20:41:29,478 [main] INFO  marytts.APMLParser Power-on self test complete.
2016-06-07 20:41:29,502 [main] INFO  marytts.EmotionmlParser Module started (EMOTIONML->RAWMARYXML, locale null).
2016-06-07 20:41:29,502 [main] INFO  marytts.EmotionmlParser Starting power-on self test.
2016-06-07 20:41:29,502 [main] INFO  marytts.EmotionmlParser Power-on self test complete.
2016-06-07 20:41:29,502 [main] INFO  marytts.JTokeniser Module started (RAWMARYXML->TOKENS, locale null).
2016-06-07 20:41:29,514 [main] INFO  marytts.JTokeniser Starting power-on self test.
2016-06-07 20:41:29,514 [main] INFO  marytts.JTokeniser Power-on self test complete.
2016-06-07 20:41:29,514 [main] INFO  marytts.DummyTokens2Words Module started (TOKENS->WORDS, locale null).
2016-06-07 20:41:29,514 [main] INFO  marytts.DummyTokens2Words Starting power-on self test.
2016-06-07 20:41:29,514 [main] INFO  marytts.DummyTokens2Words Power-on self test complete.
2016-06-07 20:41:29,517 [main] INFO  marytts.Prosody Module started (PHONEMES->INTONATION, locale null).
2016-06-07 20:41:29,518 [main] INFO  marytts.Prosody Starting power-on self test.
2016-06-07 20:41:29,518 [main] INFO  marytts.Prosody Power-on self test complete.
2016-06-07 20:41:29,518 [main] INFO  marytts.PronunciationModel Module started (INTONATION->ALLOPHONES, locale null).
2016-06-07 20:41:29,518 [main] INFO  marytts.PronunciationModel Starting power-on self test.
2016-06-07 20:41:29,518 [main] INFO  marytts.PronunciationModel Power-on self test complete.
2016-06-07 20:41:29,518 [main] INFO  marytts.TargetFeatureLister Starting power-on self test.
2016-06-07 20:41:29,518 [main] INFO  marytts.TargetFeatureLister Power-on self test complete.
2016-06-07 20:41:29,518 [main] INFO  marytts.TargetFeatureLister Module started (ACOUSTPARAMS->HALFPHONE_TARGETFEATURES, locale null).
2016-06-07 20:41:29,518 [main] INFO  marytts.TargetFeatureLister Starting power-on self test.
2016-06-07 20:41:29,518 [main] INFO  marytts.TargetFeatureLister Power-on self test complete.
2016-06-07 20:41:29,518 [main] INFO  marytts.AcousticModeller Module started (ALLOPHONES->ACOUSTPARAMS, locale null).
2016-06-07 20:41:29,518 [main] INFO  marytts.AcousticModeller Starting power-on self test.
2016-06-07 20:41:29,518 [main] INFO  marytts.AcousticModeller Power-on self test complete.
2016-06-07 20:41:29,518 [main] INFO  marytts.Realised acoustparams extractor Module started (AUDIO->REALISED_ACOUSTPARAMS, locale null).
2016-06-07 20:41:29,518 [main] INFO  marytts.Realised acoustparams extractor Starting power-on self test.
2016-06-07 20:41:29,518 [main] INFO  marytts.Realised acoustparams extractor Power-on self test complete.
2016-06-07 20:41:29,518 [main] INFO  marytts.Realised durations extractor Module started (AUDIO->REALISED_DURATIONS, locale null).
2016-06-07 20:41:29,518 [main] INFO  marytts.Realised durations extractor Starting power-on self test.
2016-06-07 20:41:29,518 [main] INFO  marytts.Realised durations extractor Power-on self test complete.
2016-06-07 20:41:29,518 [main] INFO  marytts.Praat TextGrid generator Module started (AUDIO->PRAAT_TEXTGRID, locale null).
2016-06-07 20:41:29,519 [main] INFO  marytts.Praat TextGrid generator Starting power-on self test.
2016-06-07 20:41:29,519 [main] INFO  marytts.Praat TextGrid generator Power-on self test complete.
2016-06-07 20:41:29,519 [main] INFO  marytts.main Startup complete.
2016-06-07 20:51:42,980 [Thread-4] INFO  marytts.main Shutting down modules...
2016-06-07 20:51:42,980 [Thread-4] INFO  marytts.JTokeniser Module shut down.
2016-06-07 20:51:42,980 [Thread-4] INFO  marytts.TokenToWords Module shut down.
2016-06-07 20:51:42,980 [Thread-4] INFO  marytts.JPhonemiser Module shut down.
2016-06-07 20:51:42,980 [Thread-4] INFO  marytts.JPhonemiser Module shut down.
2016-06-07 20:51:42,980 [Thread-4] INFO  marytts.Prosody Module shut down.
2016-06-07 20:51:42,980 [Thread-4] INFO  marytts.SimplePhoneme2AP Module shut down.
2016-06-07 20:51:42,980 [Thread-4] INFO  marytts.Utt2XML WordsEn Module shut down.
2016-06-07 20:51:42,980 [Thread-4] INFO  marytts.XML2Utt TokensEn Module shut down.
2016-06-07 20:51:42,980 [Thread-4] INFO  marytts.PronunciationModel Module shut down.
2016-06-07 20:51:42,980 [Thread-4] INFO  marytts.OpenNLPPosTagger Module shut down.
2016-06-07 20:51:42,980 [Thread-4] INFO  marytts.Synthesis Module shut down.
2016-06-07 20:51:42,980 [Thread-4] INFO  marytts.TextToMaryXML Module shut down.
2016-06-07 20:51:42,980 [Thread-4] INFO  marytts.SableParser Module shut down.
2016-06-07 20:51:42,980 [Thread-4] INFO  marytts.SSMLParser Module shut down.
2016-06-07 20:51:42,980 [Thread-4] INFO  marytts.APMLParser Module shut down.
2016-06-07 20:51:42,980 [Thread-4] INFO  marytts.EmotionmlParser Module shut down.
2016-06-07 20:51:42,981 [Thread-4] INFO  marytts.JTokeniser Module shut down.
2016-06-07 20:51:42,981 [Thread-4] INFO  marytts.DummyTokens2Words Module shut down.
2016-06-07 20:51:42,981 [Thread-4] INFO  marytts.Prosody Module shut down.
2016-06-07 20:51:42,981 [Thread-4] INFO  marytts.PronunciationModel Module shut down.
2016-06-07 20:51:42,981 [Thread-4] INFO  marytts.TargetFeatureLister Module shut down.
2016-06-07 20:51:42,981 [Thread-4] INFO  marytts.TargetFeatureLister Module shut down.
2016-06-07 20:51:42,981 [Thread-4] INFO  marytts.AcousticModeller Module shut down.
2016-06-07 20:51:42,981 [Thread-4] INFO  marytts.Realised acoustparams extractor Module shut down.
2016-06-07 20:51:42,981 [Thread-4] INFO  marytts.Realised durations extractor Module shut down.
2016-06-07 20:51:42,981 [Thread-4] INFO  marytts.HTSEngine Module shut down.
2016-06-07 20:51:42,981 [Thread-4] INFO  marytts.Praat TextGrid generator Module shut down.
2016-06-07 20:51:42,982 [Thread-4] INFO  marytts.main Shutdown complete.
2016-06-08 21:45:02,129 [main] INFO  marytts.main Mary starting up...
2016-06-08 21:45:02,132 [main] INFO  marytts.main Specification version 5.1.2
2016-06-08 21:45:02,132 [main] INFO  marytts.main Implementation version unknown
2016-06-08 21:45:02,132 [main] INFO  marytts.main Running on a Java 1.8.0_91 implementation by Oracle Corporation, on a Windows 10 platform (amd64, 10.0)
2016-06-08 21:45:02,218 [main] INFO  marytts.ModuleRegistry Now initiating mary module 'marytts.language.en.JTokeniser'
2016-06-08 21:45:02,222 [main] INFO  marytts.ModuleRegistry Now initiating mary module 'marytts.language.en.FreeTTSTokenToWords'
2016-06-08 21:45:02,225 [main] INFO  marytts.ModuleRegistry Now initiating mary module 'marytts.modules.JPhonemiser(en_US.)'
2016-06-08 21:45:02,226 [main] INFO  marytts.JPhonemiser User dictionary '.\user-dictionaries\userdict-en_US.txt' for locale 'en_US' does not exist. Ignoring.
2016-06-08 21:45:02,269 [main] INFO  marytts.ModuleRegistry Now initiating mary module 'marytts.modules.JPhonemiser(en_GB.)'
2016-06-08 21:45:02,269 [main] INFO  marytts.JPhonemiser User dictionary '.\user-dictionaries\userdict-en_GB.txt' for locale 'en_GB' does not exist. Ignoring.
2016-06-08 21:45:02,291 [main] INFO  marytts.ModuleRegistry Now initiating mary module 'marytts.language.en.Prosody'
2016-06-08 21:45:02,295 [main] INFO  marytts.ModuleRegistry Now initiating mary module 'marytts.modules.SimplePhoneme2AP(en_US)'
2016-06-08 21:45:02,296 [main] INFO  marytts.ModuleRegistry Now initiating mary module 'marytts.language.en.Utt2XMLWordsEn'
2016-06-08 21:45:02,298 [main] INFO  marytts.ModuleRegistry Now initiating mary module 'marytts.language.en.XML2UttTokensEn'
2016-06-08 21:45:02,302 [main] INFO  marytts.ModuleRegistry Now initiating mary module 'marytts.language.en.PronunciationModel'
2016-06-08 21:45:02,303 [main] INFO  marytts.ModuleRegistry Now initiating mary module 'marytts.modules.OpenNLPPosTagger(en,en.pos)'
2016-06-08 21:45:02,304 [main] INFO  marytts.ModuleRegistry Now initiating mary module 'marytts.modules.Synthesis'
2016-06-08 21:45:02,305 [main] INFO  marytts.ModuleRegistry Now initiating mary module 'marytts.modules.TextToMaryXML'
2016-06-08 21:45:02,305 [main] INFO  marytts.ModuleRegistry Now initiating mary module 'marytts.modules.SableParser'
2016-06-08 21:45:02,306 [main] INFO  marytts.ModuleRegistry Now initiating mary module 'marytts.modules.SSMLParser'
2016-06-08 21:45:02,306 [main] INFO  marytts.ModuleRegistry Now initiating mary module 'marytts.modules.APMLParser'
2016-06-08 21:45:02,307 [main] INFO  marytts.ModuleRegistry Now initiating mary module 'marytts.modules.EmotionmlParser'
2016-06-08 21:45:02,307 [main] INFO  marytts.ModuleRegistry Now initiating mary module 'marytts.modules.JTokeniser'
2016-06-08 21:45:02,308 [main] INFO  marytts.ModuleRegistry Now initiating mary module 'marytts.modules.DummyTokens2Words'
2016-06-08 21:45:02,308 [main] INFO  marytts.ModuleRegistry Now initiating mary module 'marytts.modules.ProsodyGeneric'
2016-06-08 21:45:02,308 [main] INFO  marytts.ModuleRegistry Now initiating mary module 'marytts.modules.PronunciationModel'
2016-06-08 21:45:02,308 [main] INFO  marytts.ModuleRegistry Now initiating mary module 'marytts.modules.TargetFeatureLister'
2016-06-08 21:45:02,308 [main] INFO  marytts.ModuleRegistry Now initiating mary module 'marytts.modules.HalfPhoneTargetFeatureLister'
2016-06-08 21:45:02,309 [main] INFO  marytts.ModuleRegistry Now initiating mary module 'marytts.modules.AcousticModeller'
2016-06-08 21:45:02,310 [main] INFO  marytts.ModuleRegistry Now initiating mary module 'marytts.modules.RealisedAcoustparamsExtractor'
2016-06-08 21:45:02,310 [main] INFO  marytts.ModuleRegistry Now initiating mary module 'marytts.modules.RealisedDurationsExtractor'
2016-06-08 21:45:02,310 [main] INFO  marytts.ModuleRegistry Now initiating mary module 'marytts.modules.HTSEngine'
2016-06-08 21:45:02,312 [main] INFO  marytts.ModuleRegistry Now initiating mary module 'marytts.modules.PraatTextGridGenerator'
2016-06-08 21:45:02,322 [main] INFO  marytts.JTokeniser Module started (RAWMARYXML->TOKENS, locale en).
2016-06-08 21:45:02,355 [main] INFO  marytts.JTokeniser Starting power-on self test.
2016-06-08 21:45:02,359 [main] INFO  marytts.JTokeniser Power-on self test complete.
2016-06-08 21:45:02,359 [main] INFO  marytts.TokenToWords Module started (FREETTS_TOKENS->FREETTS_WORDS, locale en).
2016-06-08 21:45:02,360 [main] INFO  marytts.FreeTTSVoices Loading US English FreeTTS voices...
2016-06-08 21:45:02,364 [main] INFO  marytts.FreeTTSVoices done.
2016-06-08 21:45:02,386 [main] INFO  marytts.TokenToWords Starting power-on self test.
2016-06-08 21:45:02,387 [main] INFO  marytts.TokenToWords Power-on self test complete.
2016-06-08 21:45:02,387 [main] INFO  marytts.JPhonemiser Module started (PARTSOFSPEECH->PHONEMES, locale en_US).
2016-06-08 21:45:02,387 [main] INFO  marytts.JPhonemiser Starting power-on self test.
2016-06-08 21:45:02,387 [main] INFO  marytts.JPhonemiser Power-on self test complete.
2016-06-08 21:45:02,387 [main] INFO  marytts.JPhonemiser Module started (PARTSOFSPEECH->PHONEMES, locale en_GB).
2016-06-08 21:45:02,387 [main] INFO  marytts.JPhonemiser Starting power-on self test.
2016-06-08 21:45:02,387 [main] INFO  marytts.JPhonemiser Power-on self test complete.
2016-06-08 21:45:02,395 [main] INFO  marytts.Prosody Module started (PHONEMES->INTONATION, locale en).
2016-06-08 21:45:02,395 [main] INFO  marytts.Prosody Starting power-on self test.
2016-06-08 21:45:02,395 [main] INFO  marytts.Prosody Power-on self test complete.
2016-06-08 21:45:02,395 [main] INFO  marytts.SimplePhoneme2AP Module started (SIMPLEPHONEMES->ACOUSTPARAMS, locale en_US).
2016-06-08 21:45:02,396 [main] INFO  marytts.SimplePhoneme2AP Starting power-on self test.
2016-06-08 21:45:02,401 [main] INFO  marytts.SimplePhoneme2AP Power-on self test complete.
2016-06-08 21:45:02,401 [main] INFO  marytts.Utt2XML WordsEn Module started (FREETTS_WORDS->WORDS, locale en).
2016-06-08 21:45:02,401 [main] INFO  marytts.FreeTTSVoices Loading US English FreeTTS voices...
2016-06-08 21:45:02,402 [main] INFO  marytts.FreeTTSVoices done.
2016-06-08 21:45:02,402 [main] INFO  marytts.Utt2XML WordsEn Starting power-on self test.
2016-06-08 21:45:02,402 [main] INFO  marytts.Utt2XML WordsEn Power-on self test complete.
2016-06-08 21:45:02,402 [main] INFO  marytts.XML2Utt TokensEn Module started (TOKENS->FREETTS_TOKENS, locale en).
2016-06-08 21:45:02,402 [main] INFO  marytts.FreeTTSVoices Loading US English FreeTTS voices...
2016-06-08 21:45:02,402 [main] INFO  marytts.FreeTTSVoices done.
2016-06-08 21:45:02,402 [main] INFO  marytts.XML2Utt TokensEn Starting power-on self test.
2016-06-08 21:45:02,402 [main] INFO  marytts.XML2Utt TokensEn Power-on self test complete.
2016-06-08 21:45:02,402 [main] INFO  marytts.PronunciationModel Module started (INTONATION->ALLOPHONES, locale en).
2016-06-08 21:45:02,402 [main] INFO  marytts.PronunciationModel Starting power-on self test.
2016-06-08 21:45:02,402 [main] INFO  marytts.PronunciationModel Power-on self test complete.
2016-06-08 21:45:02,402 [main] INFO  marytts.OpenNLPPosTagger Module started (WORDS->PARTSOFSPEECH, locale en).
2016-06-08 21:45:03,122 [main] INFO  marytts.OpenNLPPosTagger Starting power-on self test.
2016-06-08 21:45:03,122 [main] INFO  marytts.OpenNLPPosTagger Power-on self test complete.
2016-06-08 21:45:03,124 [main] INFO  marytts.UnitSelectionSynthesizer started.
2016-06-08 21:45:03,125 [main] INFO  marytts.TargetFeatureLister Module started (ACOUSTPARAMS->TARGETFEATURES, locale null).
2016-06-08 21:45:03,125 [main] INFO  marytts.HTSEngine Module started (TARGETFEATURES->AUDIO, locale null).
2016-06-08 21:45:03,284 [main] INFO  marytts.HMMData Loading Tree Set in CARTs:
2016-06-08 21:45:03,356 [main] INFO  marytts.HMMData Loading GV Model Set:
2016-06-08 21:45:03,472 [main] INFO  marytts.Voice Registering voice `cmu-slt-hsmm': female, locale en_US
2016-06-08 21:45:03,493 [main] INFO  marytts.Voice New default voice for locale en_US: cmu-slt-hsmm (desire 0)
2016-06-08 21:45:03,493 [main] INFO  marytts.HMMSynthesizer started.
2016-06-08 21:45:03,493 [main] INFO  marytts.Synthesis Module started (ACOUSTPARAMS->AUDIO, locale null).
2016-06-08 21:45:03,493 [main] INFO  marytts.HMMSynthesizer Starting power-on self test.
2016-06-08 21:45:03,504 [main] INFO  marytts.HTSEngine Using prosody from acoustparams.
2016-06-08 21:45:03,505 [main] INFO  marytts.HTSEngine Number of models in sentence numModel=7  Total number of states numState=35
2016-06-08 21:45:03,505 [main] INFO  marytts.HTSEngine Total number of frames=147  Number of voiced frames=89
2016-06-08 21:45:03,509 [main] INFO  marytts.ParameterGeneration Parameter generation for MGC: 
2016-06-08 21:45:03,509 [main] INFO  marytts.PStream Context-dependent global variance optimization: gvLength = 107
2016-06-08 21:45:03,514 [main] INFO  marytts.PStream Gradient GV optimization for feature: (0)  number of iterations=23
2016-06-08 21:45:03,522 [main] INFO  marytts.PStream Gradient GV optimization for feature: (1)  number of iterations=54
2016-06-08 21:45:03,526 [main] INFO  marytts.PStream Gradient GV optimization for feature: (2)  number of iterations=38
2016-06-08 21:45:03,527 [main] INFO  marytts.PStream Gradient GV optimization for feature: (3)  number of iterations=20
2016-06-08 21:45:03,528 [main] INFO  marytts.PStream Gradient GV optimization for feature: (4)  number of iterations=13
2016-06-08 21:45:03,529 [main] INFO  marytts.PStream Gradient GV optimization for feature: (5)  number of iterations=21
2016-06-08 21:45:03,529 [main] INFO  marytts.PStream Gradient GV optimization for feature: (6)  number of iterations=7
2016-06-08 21:45:03,530 [main] INFO  marytts.PStream Gradient GV optimization for feature: (7)  number of iterations=4
2016-06-08 21:45:03,531 [main] INFO  marytts.PStream Gradient GV optimization for feature: (8)  number of iterations=11
2016-06-08 21:45:03,532 [main] INFO  marytts.PStream Gradient GV optimization for feature: (9)  number of iterations=19
2016-06-08 21:45:03,533 [main] INFO  marytts.PStream Gradient GV optimization for feature: (10)  number of iterations=16
2016-06-08 21:45:03,533 [main] INFO  marytts.PStream Gradient GV optimization for feature: (11)  number of iterations=9
2016-06-08 21:45:03,533 [main] INFO  marytts.PStream Gradient GV optimization for feature: (12)  number of iterations=2
2016-06-08 21:45:03,534 [main] INFO  marytts.PStream Gradient GV optimization for feature: (13)  number of iterations=13
2016-06-08 21:45:03,534 [main] INFO  marytts.PStream Gradient GV optimization for feature: (14)  number of iterations=12
2016-06-08 21:45:03,535 [main] INFO  marytts.PStream Gradient GV optimization for feature: (15)  number of iterations=14
2016-06-08 21:45:03,535 [main] INFO  marytts.PStream Gradient GV optimization for feature: (16)  number of iterations=15
2016-06-08 21:45:03,535 [main] INFO  marytts.PStream Gradient GV optimization for feature: (17)  number of iterations=14
2016-06-08 21:45:03,536 [main] INFO  marytts.PStream Gradient GV optimization for feature: (18)  number of iterations=19
2016-06-08 21:45:03,536 [main] INFO  marytts.PStream Gradient GV optimization for feature: (19)  number of iterations=12
2016-06-08 21:45:03,537 [main] INFO  marytts.PStream Gradient GV optimization for feature: (20)  number of iterations=17
2016-06-08 21:45:03,537 [main] INFO  marytts.PStream Gradient GV optimization for feature: (21)  number of iterations=23
2016-06-08 21:45:03,538 [main] INFO  marytts.PStream Gradient GV optimization for feature: (22)  number of iterations=12
2016-06-08 21:45:03,538 [main] INFO  marytts.PStream Gradient GV optimization for feature: (23)  number of iterations=18
2016-06-08 21:45:03,539 [main] INFO  marytts.PStream Gradient GV optimization for feature: (24)  number of iterations=12
2016-06-08 21:45:03,539 [main] INFO  marytts.PStream Gradient GV optimization for feature: (25)  number of iterations=11
2016-06-08 21:45:03,540 [main] INFO  marytts.PStream Gradient GV optimization for feature: (26)  number of iterations=13
2016-06-08 21:45:03,540 [main] INFO  marytts.PStream Gradient GV optimization for feature: (27)  number of iterations=9
2016-06-08 21:45:03,540 [main] INFO  marytts.PStream Gradient GV optimization for feature: (28)  number of iterations=13
2016-06-08 21:45:03,541 [main] INFO  marytts.PStream Gradient GV optimization for feature: (29)  number of iterations=8
2016-06-08 21:45:03,541 [main] INFO  marytts.PStream Gradient GV optimization for feature: (30)  number of iterations=11
2016-06-08 21:45:03,541 [main] INFO  marytts.PStream Gradient GV optimization for feature: (31)  number of iterations=12
2016-06-08 21:45:03,542 [main] INFO  marytts.PStream Gradient GV optimization for feature: (32)  number of iterations=7
2016-06-08 21:45:03,542 [main] INFO  marytts.PStream Gradient GV optimization for feature: (33)  number of iterations=8
2016-06-08 21:45:03,542 [main] INFO  marytts.PStream Gradient GV optimization for feature: (34)  number of iterations=12
2016-06-08 21:45:03,543 [main] INFO  marytts.ParameterGeneration Using f0 from maryXML acoustparams
2016-06-08 21:45:03,543 [main] INFO  marytts.PStream Context-dependent global variance optimization: gvLength = 107
2016-06-08 21:45:03,544 [main] INFO  marytts.PStream Gradient GV optimization for feature: (0)  number of iterations=16
2016-06-08 21:45:03,544 [main] INFO  marytts.PStream Gradient GV optimization for feature: (1)  number of iterations=2
2016-06-08 21:45:03,544 [main] INFO  marytts.PStream Gradient GV optimization for feature: (2)  number of iterations=2
2016-06-08 21:45:03,544 [main] INFO  marytts.PStream Gradient GV optimization for feature: (3)  number of iterations=8
2016-06-08 21:45:03,545 [main] INFO  marytts.PStream Gradient GV optimization for feature: (4)  number of iterations=26
2016-06-08 21:45:03,554 [main] INFO  marytts.HMMSynthesizer Power-on self test complete.
2016-06-08 21:45:03,554 [main] INFO  marytts.TextToMaryXML Module started (TEXT->RAWMARYXML, locale null).
2016-06-08 21:45:03,554 [main] INFO  marytts.TextToMaryXML Starting power-on self test.
2016-06-08 21:45:03,555 [main] WARN  marytts.TextToMaryXML Locale is null, overriding with de_DE
2016-06-08 21:45:03,555 [main] WARN  marytts.TextToMaryXML Locale is null, overriding with de_DE
2016-06-08 21:45:03,556 [main] INFO  marytts.TextToMaryXML Power-on self test complete.
2016-06-08 21:45:03,754 [main] INFO  marytts.SableParser Module started (SABLE->RAWMARYXML, locale null).
2016-06-08 21:45:03,754 [main] INFO  marytts.SableParser Starting power-on self test.
2016-06-08 21:45:03,754 [main] INFO  marytts.SableParser Power-on self test complete.
2016-06-08 21:45:03,812 [main] INFO  marytts.SSMLParser Module started (SSML->RAWMARYXML, locale null).
2016-06-08 21:45:03,812 [main] INFO  marytts.SSMLParser Starting power-on self test.
2016-06-08 21:45:03,812 [main] INFO  marytts.SSMLParser Power-on self test complete.
2016-06-08 21:45:03,852 [main] INFO  marytts.APMLParser Module started (APML->RAWMARYXML, locale null).
2016-06-08 21:45:03,852 [main] INFO  marytts.APMLParser Starting power-on self test.
2016-06-08 21:45:03,852 [main] INFO  marytts.APMLParser Power-on self test complete.
2016-06-08 21:45:03,876 [main] INFO  marytts.EmotionmlParser Module started (EMOTIONML->RAWMARYXML, locale null).
2016-06-08 21:45:03,876 [main] INFO  marytts.EmotionmlParser Starting power-on self test.
2016-06-08 21:45:03,877 [main] INFO  marytts.EmotionmlParser Power-on self test complete.
2016-06-08 21:45:03,877 [main] INFO  marytts.JTokeniser Module started (RAWMARYXML->TOKENS, locale null).
2016-06-08 21:45:03,887 [main] INFO  marytts.JTokeniser Starting power-on self test.
2016-06-08 21:45:03,888 [main] INFO  marytts.JTokeniser Power-on self test complete.
2016-06-08 21:45:03,888 [main] INFO  marytts.DummyTokens2Words Module started (TOKENS->WORDS, locale null).
2016-06-08 21:45:03,888 [main] INFO  marytts.DummyTokens2Words Starting power-on self test.
2016-06-08 21:45:03,888 [main] INFO  marytts.DummyTokens2Words Power-on self test complete.
2016-06-08 21:45:03,891 [main] INFO  marytts.Prosody Module started (PHONEMES->INTONATION, locale null).
2016-06-08 21:45:03,891 [main] INFO  marytts.Prosody Starting power-on self test.
2016-06-08 21:45:03,891 [main] INFO  marytts.Prosody Power-on self test complete.
2016-06-08 21:45:03,891 [main] INFO  marytts.PronunciationModel Module started (INTONATION->ALLOPHONES, locale null).
2016-06-08 21:45:03,891 [main] INFO  marytts.PronunciationModel Starting power-on self test.
2016-06-08 21:45:03,891 [main] INFO  marytts.PronunciationModel Power-on self test complete.
2016-06-08 21:45:03,891 [main] INFO  marytts.TargetFeatureLister Starting power-on self test.
2016-06-08 21:45:03,891 [main] INFO  marytts.TargetFeatureLister Power-on self test complete.
2016-06-08 21:45:03,891 [main] INFO  marytts.TargetFeatureLister Module started (ACOUSTPARAMS->HALFPHONE_TARGETFEATURES, locale null).
2016-06-08 21:45:03,891 [main] INFO  marytts.TargetFeatureLister Starting power-on self test.
2016-06-08 21:45:03,891 [main] INFO  marytts.TargetFeatureLister Power-on self test complete.
2016-06-08 21:45:03,891 [main] INFO  marytts.AcousticModeller Module started (ALLOPHONES->ACOUSTPARAMS, locale null).
2016-06-08 21:45:03,891 [main] INFO  marytts.AcousticModeller Starting power-on self test.
2016-06-08 21:45:03,891 [main] INFO  marytts.AcousticModeller Power-on self test complete.
2016-06-08 21:45:03,891 [main] INFO  marytts.Realised acoustparams extractor Module started (AUDIO->REALISED_ACOUSTPARAMS, locale null).
2016-06-08 21:45:03,892 [main] INFO  marytts.Realised acoustparams extractor Starting power-on self test.
2016-06-08 21:45:03,892 [main] INFO  marytts.Realised acoustparams extractor Power-on self test complete.
2016-06-08 21:45:03,892 [main] INFO  marytts.Realised durations extractor Module started (AUDIO->REALISED_DURATIONS, locale null).
2016-06-08 21:45:03,892 [main] INFO  marytts.Realised durations extractor Starting power-on self test.
2016-06-08 21:45:03,892 [main] INFO  marytts.Realised durations extractor Power-on self test complete.
2016-06-08 21:45:03,892 [main] INFO  marytts.Praat TextGrid generator Module started (AUDIO->PRAAT_TEXTGRID, locale null).
2016-06-08 21:45:03,892 [main] INFO  marytts.Praat TextGrid generator Starting power-on self test.
2016-06-08 21:45:03,892 [main] INFO  marytts.Praat TextGrid generator Power-on self test complete.
2016-06-08 21:45:03,892 [main] INFO  marytts.main Startup complete.
2016-06-08 21:45:18,806 [main] INFO  marytts.main Mary starting up...
2016-06-08 21:45:18,808 [main] INFO  marytts.main Specification version 5.1.2
2016-06-08 21:45:18,808 [main] INFO  marytts.main Implementation version unknown
2016-06-08 21:45:18,808 [main] INFO  marytts.main Running on a Java 1.8.0_91 implementation by Oracle Corporation, on a Windows 10 platform (amd64, 10.0)
2016-06-08 21:45:18,865 [main] INFO  marytts.ModuleRegistry Now initiating mary module 'marytts.language.en.JTokeniser'
2016-06-08 21:45:18,868 [main] INFO  marytts.ModuleRegistry Now initiating mary module 'marytts.language.en.FreeTTSTokenToWords'
2016-06-08 21:45:18,870 [main] INFO  marytts.ModuleRegistry Now initiating mary module 'marytts.modules.JPhonemiser(en_US.)'
2016-06-08 21:45:18,871 [main] INFO  marytts.JPhonemiser User dictionary '.\user-dictionaries\userdict-en_US.txt' for locale 'en_US' does not exist. Ignoring.
2016-06-08 21:45:18,933 [main] INFO  marytts.ModuleRegistry Now initiating mary module 'marytts.modules.JPhonemiser(en_GB.)'
2016-06-08 21:45:18,933 [main] INFO  marytts.JPhonemiser User dictionary '.\user-dictionaries\userdict-en_GB.txt' for locale 'en_GB' does not exist. Ignoring.
2016-06-08 21:45:18,970 [main] INFO  marytts.ModuleRegistry Now initiating mary module 'marytts.language.en.Prosody'
2016-06-08 21:45:18,973 [main] INFO  marytts.ModuleRegistry Now initiating mary module 'marytts.modules.SimplePhoneme2AP(en_US)'
2016-06-08 21:45:18,974 [main] INFO  marytts.ModuleRegistry Now initiating mary module 'marytts.language.en.Utt2XMLWordsEn'
2016-06-08 21:45:18,976 [main] INFO  marytts.ModuleRegistry Now initiating mary module 'marytts.language.en.XML2UttTokensEn'
2016-06-08 21:45:18,978 [main] INFO  marytts.ModuleRegistry Now initiating mary module 'marytts.language.en.PronunciationModel'
2016-06-08 21:45:18,979 [main] INFO  marytts.ModuleRegistry Now initiating mary module 'marytts.modules.OpenNLPPosTagger(en,en.pos)'
2016-06-08 21:45:18,980 [main] INFO  marytts.ModuleRegistry Now initiating mary module 'marytts.modules.Synthesis'
2016-06-08 21:45:18,980 [main] INFO  marytts.ModuleRegistry Now initiating mary module 'marytts.modules.TextToMaryXML'
2016-06-08 21:45:18,981 [main] INFO  marytts.ModuleRegistry Now initiating mary module 'marytts.modules.SableParser'
2016-06-08 21:45:18,981 [main] INFO  marytts.ModuleRegistry Now initiating mary module 'marytts.modules.SSMLParser'
2016-06-08 21:45:18,982 [main] INFO  marytts.ModuleRegistry Now initiating mary module 'marytts.modules.APMLParser'
2016-06-08 21:45:18,982 [main] INFO  marytts.ModuleRegistry Now initiating mary module 'marytts.modules.EmotionmlParser'
2016-06-08 21:45:18,982 [main] INFO  marytts.ModuleRegistry Now initiating mary module 'marytts.modules.JTokeniser'
2016-06-08 21:45:18,983 [main] INFO  marytts.ModuleRegistry Now initiating mary module 'marytts.modules.DummyTokens2Words'
2016-06-08 21:45:18,983 [main] INFO  marytts.ModuleRegistry Now initiating mary module 'marytts.modules.ProsodyGeneric'
2016-06-08 21:45:18,983 [main] INFO  marytts.ModuleRegistry Now initiating mary module 'marytts.modules.PronunciationModel'
2016-06-08 21:45:18,983 [main] INFO  marytts.ModuleRegistry Now initiating mary module 'marytts.modules.TargetFeatureLister'
2016-06-08 21:45:18,983 [main] INFO  marytts.ModuleRegistry Now initiating mary module 'marytts.modules.HalfPhoneTargetFeatureLister'
2016-06-08 21:45:18,984 [main] INFO  marytts.ModuleRegistry Now initiating mary module 'marytts.modules.AcousticModeller'
2016-06-08 21:45:18,984 [main] INFO  marytts.ModuleRegistry Now initiating mary module 'marytts.modules.RealisedAcoustparamsExtractor'
2016-06-08 21:45:18,985 [main] INFO  marytts.ModuleRegistry Now initiating mary module 'marytts.modules.RealisedDurationsExtractor'
2016-06-08 21:45:18,985 [main] INFO  marytts.ModuleRegistry Now initiating mary module 'marytts.modules.HTSEngine'
2016-06-08 21:45:18,986 [main] INFO  marytts.ModuleRegistry Now initiating mary module 'marytts.modules.PraatTextGridGenerator'
2016-06-08 21:45:18,988 [main] INFO  marytts.JTokeniser Module started (RAWMARYXML->TOKENS, locale en).
2016-06-08 21:45:19,017 [main] INFO  marytts.JTokeniser Starting power-on self test.
2016-06-08 21:45:19,019 [main] INFO  marytts.JTokeniser Power-on self test complete.
2016-06-08 21:45:19,019 [main] INFO  marytts.TokenToWords Module started (FREETTS_TOKENS->FREETTS_WORDS, locale en).
2016-06-08 21:45:19,020 [main] INFO  marytts.FreeTTSVoices Loading US English FreeTTS voices...
2016-06-08 21:45:19,023 [main] INFO  marytts.FreeTTSVoices done.
2016-06-08 21:45:19,034 [main] INFO  marytts.TokenToWords Starting power-on self test.
2016-06-08 21:45:19,034 [main] INFO  marytts.TokenToWords Power-on self test complete.
2016-06-08 21:45:19,034 [main] INFO  marytts.JPhonemiser Module started (PARTSOFSPEECH->PHONEMES, locale en_US).
2016-06-08 21:45:19,034 [main] INFO  marytts.JPhonemiser Starting power-on self test.
2016-06-08 21:45:19,034 [main] INFO  marytts.JPhonemiser Power-on self test complete.
2016-06-08 21:45:19,034 [main] INFO  marytts.JPhonemiser Module started (PARTSOFSPEECH->PHONEMES, locale en_GB).
2016-06-08 21:45:19,034 [main] INFO  marytts.JPhonemiser Starting power-on self test.
2016-06-08 21:45:19,034 [main] INFO  marytts.JPhonemiser Power-on self test complete.
2016-06-08 21:45:19,041 [main] INFO  marytts.Prosody Module started (PHONEMES->INTONATION, locale en).
2016-06-08 21:45:19,041 [main] INFO  marytts.Prosody Starting power-on self test.
2016-06-08 21:45:19,042 [main] INFO  marytts.Prosody Power-on self test complete.
2016-06-08 21:45:19,042 [main] INFO  marytts.SimplePhoneme2AP Module started (SIMPLEPHONEMES->ACOUSTPARAMS, locale en_US).
2016-06-08 21:45:19,042 [main] INFO  marytts.SimplePhoneme2AP Starting power-on self test.
2016-06-08 21:45:19,047 [main] INFO  marytts.SimplePhoneme2AP Power-on self test complete.
2016-06-08 21:45:19,047 [main] INFO  marytts.Utt2XML WordsEn Module started (FREETTS_WORDS->WORDS, locale en).
2016-06-08 21:45:19,047 [main] INFO  marytts.FreeTTSVoices Loading US English FreeTTS voices...
2016-06-08 21:45:19,047 [main] INFO  marytts.FreeTTSVoices done.
2016-06-08 21:45:19,047 [main] INFO  marytts.Utt2XML WordsEn Starting power-on self test.
2016-06-08 21:45:19,047 [main] INFO  marytts.Utt2XML WordsEn Power-on self test complete.
2016-06-08 21:45:19,048 [main] INFO  marytts.XML2Utt TokensEn Module started (TOKENS->FREETTS_TOKENS, locale en).
2016-06-08 21:45:19,048 [main] INFO  marytts.FreeTTSVoices Loading US English FreeTTS voices...
2016-06-08 21:45:19,048 [main] INFO  marytts.FreeTTSVoices done.
2016-06-08 21:45:19,048 [main] INFO  marytts.XML2Utt TokensEn Starting power-on self test.
2016-06-08 21:45:19,048 [main] INFO  marytts.XML2Utt TokensEn Power-on self test complete.
2016-06-08 21:45:19,048 [main] INFO  marytts.PronunciationModel Module started (INTONATION->ALLOPHONES, locale en).
2016-06-08 21:45:19,048 [main] INFO  marytts.PronunciationModel Starting power-on self test.
2016-06-08 21:45:19,048 [main] INFO  marytts.PronunciationModel Power-on self test complete.
2016-06-08 21:45:19,048 [main] INFO  marytts.OpenNLPPosTagger Module started (WORDS->PARTSOFSPEECH, locale en).
2016-06-08 21:45:19,643 [main] INFO  marytts.OpenNLPPosTagger Starting power-on self test.
2016-06-08 21:45:19,644 [main] INFO  marytts.OpenNLPPosTagger Power-on self test complete.
2016-06-08 21:45:19,645 [main] INFO  marytts.UnitSelectionSynthesizer started.
2016-06-08 21:45:19,646 [main] INFO  marytts.TargetFeatureLister Module started (ACOUSTPARAMS->TARGETFEATURES, locale null).
2016-06-08 21:45:19,646 [main] INFO  marytts.HTSEngine Module started (TARGETFEATURES->AUDIO, locale null).
2016-06-08 21:45:19,658 [main] INFO  marytts.HMMData Loading Tree Set in CARTs:
2016-06-08 21:45:19,709 [main] INFO  marytts.HMMData Loading GV Model Set:
2016-06-08 21:45:19,828 [main] INFO  marytts.Voice Registering voice `cmu-slt-hsmm': female, locale en_US
2016-06-08 21:45:19,834 [main] INFO  marytts.Voice New default voice for locale en_US: cmu-slt-hsmm (desire 0)
2016-06-08 21:45:19,834 [main] INFO  marytts.HMMSynthesizer started.
2016-06-08 21:45:19,834 [main] INFO  marytts.Synthesis Module started (ACOUSTPARAMS->AUDIO, locale null).
2016-06-08 21:45:19,834 [main] INFO  marytts.HMMSynthesizer Starting power-on self test.
2016-06-08 21:45:19,844 [main] INFO  marytts.HTSEngine Using prosody from acoustparams.
2016-06-08 21:45:19,845 [main] INFO  marytts.HTSEngine Number of models in sentence numModel=7  Total number of states numState=35
2016-06-08 21:45:19,845 [main] INFO  marytts.HTSEngine Total number of frames=147  Number of voiced frames=89
2016-06-08 21:45:19,849 [main] INFO  marytts.ParameterGeneration Parameter generation for MGC: 
2016-06-08 21:45:19,849 [main] INFO  marytts.PStream Context-dependent global variance optimization: gvLength = 107
2016-06-08 21:45:19,853 [main] INFO  marytts.PStream Gradient GV optimization for feature: (0)  number of iterations=23
2016-06-08 21:45:19,862 [main] INFO  marytts.PStream Gradient GV optimization for feature: (1)  number of iterations=54
2016-06-08 21:45:19,865 [main] INFO  marytts.PStream Gradient GV optimization for feature: (2)  number of iterations=38
2016-06-08 21:45:19,866 [main] INFO  marytts.PStream Gradient GV optimization for feature: (3)  number of iterations=20
2016-06-08 21:45:19,867 [main] INFO  marytts.PStream Gradient GV optimization for feature: (4)  number of iterations=13
2016-06-08 21:45:19,868 [main] INFO  marytts.PStream Gradient GV optimization for feature: (5)  number of iterations=21
2016-06-08 21:45:19,869 [main] INFO  marytts.PStream Gradient GV optimization for feature: (6)  number of iterations=7
2016-06-08 21:45:19,869 [main] INFO  marytts.PStream Gradient GV optimization for feature: (7)  number of iterations=4
2016-06-08 21:45:19,870 [main] INFO  marytts.PStream Gradient GV optimization for feature: (8)  number of iterations=11
2016-06-08 21:45:19,870 [main] INFO  marytts.PStream Gradient GV optimization for feature: (9)  number of iterations=19
2016-06-08 21:45:19,871 [main] INFO  marytts.PStream Gradient GV optimization for feature: (10)  number of iterations=16
2016-06-08 21:45:19,871 [main] INFO  marytts.PStream Gradient GV optimization for feature: (11)  number of iterations=9
2016-06-08 21:45:19,871 [main] INFO  marytts.PStream Gradient GV optimization for feature: (12)  number of iterations=2
2016-06-08 21:45:19,872 [main] INFO  marytts.PStream Gradient GV optimization for feature: (13)  number of iterations=13
2016-06-08 21:45:19,872 [main] INFO  marytts.PStream Gradient GV optimization for feature: (14)  number of iterations=12
2016-06-08 21:45:19,873 [main] INFO  marytts.PStream Gradient GV optimization for feature: (15)  number of iterations=14
2016-06-08 21:45:19,873 [main] INFO  marytts.PStream Gradient GV optimization for feature: (16)  number of iterations=15
2016-06-08 21:45:19,873 [main] INFO  marytts.PStream Gradient GV optimization for feature: (17)  number of iterations=14
2016-06-08 21:45:19,874 [main] INFO  marytts.PStream Gradient GV optimization for feature: (18)  number of iterations=19
2016-06-08 21:45:19,874 [main] INFO  marytts.PStream Gradient GV optimization for feature: (19)  number of iterations=12
2016-06-08 21:45:19,875 [main] INFO  marytts.PStream Gradient GV optimization for feature: (20)  number of iterations=17
2016-06-08 21:45:19,875 [main] INFO  marytts.PStream Gradient GV optimization for feature: (21)  number of iterations=23
2016-06-08 21:45:19,876 [main] INFO  marytts.PStream Gradient GV optimization for feature: (22)  number of iterations=12
2016-06-08 21:45:19,876 [main] INFO  marytts.PStream Gradient GV optimization for feature: (23)  number of iterations=18
2016-06-08 21:45:19,877 [main] INFO  marytts.PStream Gradient GV optimization for feature: (24)  number of iterations=12
2016-06-08 21:45:19,877 [main] INFO  marytts.PStream Gradient GV optimization for feature: (25)  number of iterations=11
2016-06-08 21:45:19,878 [main] INFO  marytts.PStream Gradient GV optimization for feature: (26)  number of iterations=13
2016-06-08 21:45:19,878 [main] INFO  marytts.PStream Gradient GV optimization for feature: (27)  number of iterations=9
2016-06-08 21:45:19,879 [main] INFO  marytts.PStream Gradient GV optimization for feature: (28)  number of iterations=13
2016-06-08 21:45:19,879 [main] INFO  marytts.PStream Gradient GV optimization for feature: (29)  number of iterations=8
2016-06-08 21:45:19,879 [main] INFO  marytts.PStream Gradient GV optimization for feature: (30)  number of iterations=11
2016-06-08 21:45:19,880 [main] INFO  marytts.PStream Gradient GV optimization for feature: (31)  number of iterations=12
2016-06-08 21:45:19,880 [main] INFO  marytts.PStream Gradient GV optimization for feature: (32)  number of iterations=7
2016-06-08 21:45:19,880 [main] INFO  marytts.PStream Gradient GV optimization for feature: (33)  number of iterations=8
2016-06-08 21:45:19,883 [main] INFO  marytts.PStream Gradient GV optimization for feature: (34)  number of iterations=12
2016-06-08 21:45:19,883 [main] INFO  marytts.ParameterGeneration Using f0 from maryXML acoustparams
2016-06-08 21:45:19,883 [main] INFO  marytts.PStream Context-dependent global variance optimization: gvLength = 107
2016-06-08 21:45:19,884 [main] INFO  marytts.PStream Gradient GV optimization for feature: (0)  number of iterations=16
2016-06-08 21:45:19,884 [main] INFO  marytts.PStream Gradient GV optimization for feature: (1)  number of iterations=2
2016-06-08 21:45:19,884 [main] INFO  marytts.PStream Gradient GV optimization for feature: (2)  number of iterations=2
2016-06-08 21:45:19,885 [main] INFO  marytts.PStream Gradient GV optimization for feature: (3)  number of iterations=8
2016-06-08 21:45:19,885 [main] INFO  marytts.PStream Gradient GV optimization for feature: (4)  number of iterations=26
2016-06-08 21:45:19,890 [main] INFO  marytts.HMMSynthesizer Power-on self test complete.
2016-06-08 21:45:19,890 [main] INFO  marytts.TextToMaryXML Module started (TEXT->RAWMARYXML, locale null).
2016-06-08 21:45:19,890 [main] INFO  marytts.TextToMaryXML Starting power-on self test.
2016-06-08 21:45:19,891 [main] WARN  marytts.TextToMaryXML Locale is null, overriding with de_DE
2016-06-08 21:45:19,891 [main] WARN  marytts.TextToMaryXML Locale is null, overriding with de_DE
2016-06-08 21:45:19,891 [main] INFO  marytts.TextToMaryXML Power-on self test complete.
2016-06-08 21:45:20,141 [main] INFO  marytts.SableParser Module started (SABLE->RAWMARYXML, locale null).
2016-06-08 21:45:20,141 [main] INFO  marytts.SableParser Starting power-on self test.
2016-06-08 21:45:20,141 [main] INFO  marytts.SableParser Power-on self test complete.
2016-06-08 21:45:20,188 [main] INFO  marytts.SSMLParser Module started (SSML->RAWMARYXML, locale null).
2016-06-08 21:45:20,188 [main] INFO  marytts.SSMLParser Starting power-on self test.
2016-06-08 21:45:20,188 [main] INFO  marytts.SSMLParser Power-on self test complete.
2016-06-08 21:45:20,226 [main] INFO  marytts.APMLParser Module started (APML->RAWMARYXML, locale null).
2016-06-08 21:45:20,226 [main] INFO  marytts.APMLParser Starting power-on self test.
2016-06-08 21:45:20,226 [main] INFO  marytts.APMLParser Power-on self test complete.
2016-06-08 21:45:20,250 [main] INFO  marytts.EmotionmlParser Module started (EMOTIONML->RAWMARYXML, locale null).
2016-06-08 21:45:20,250 [main] INFO  marytts.EmotionmlParser Starting power-on self test.
2016-06-08 21:45:20,250 [main] INFO  marytts.EmotionmlParser Power-on self test complete.
2016-06-08 21:45:20,250 [main] INFO  marytts.JTokeniser Module started (RAWMARYXML->TOKENS, locale null).
2016-06-08 21:45:20,261 [main] INFO  marytts.JTokeniser Starting power-on self test.
2016-06-08 21:45:20,261 [main] INFO  marytts.JTokeniser Power-on self test complete.
2016-06-08 21:45:20,261 [main] INFO  marytts.DummyTokens2Words Module started (TOKENS->WORDS, locale null).
2016-06-08 21:45:20,262 [main] INFO  marytts.DummyTokens2Words Starting power-on self test.
2016-06-08 21:45:20,262 [main] INFO  marytts.DummyTokens2Words Power-on self test complete.
2016-06-08 21:45:20,265 [main] INFO  marytts.Prosody Module started (PHONEMES->INTONATION, locale null).
2016-06-08 21:45:20,265 [main] INFO  marytts.Prosody Starting power-on self test.
2016-06-08 21:45:20,265 [main] INFO  marytts.Prosody Power-on self test complete.
2016-06-08 21:45:20,265 [main] INFO  marytts.PronunciationModel Module started (INTONATION->ALLOPHONES, locale null).
2016-06-08 21:45:20,265 [main] INFO  marytts.PronunciationModel Starting power-on self test.
2016-06-08 21:45:20,266 [main] INFO  marytts.PronunciationModel Power-on self test complete.
2016-06-08 21:45:20,266 [main] INFO  marytts.TargetFeatureLister Starting power-on self test.
2016-06-08 21:45:20,266 [main] INFO  marytts.TargetFeatureLister Power-on self test complete.
2016-06-08 21:45:20,266 [main] INFO  marytts.TargetFeatureLister Module started (ACOUSTPARAMS->HALFPHONE_TARGETFEATURES, locale null).
2016-06-08 21:45:20,267 [main] INFO  marytts.TargetFeatureLister Starting power-on self test.
2016-06-08 21:45:20,267 [main] INFO  marytts.TargetFeatureLister Power-on self test complete.
2016-06-08 21:45:20,267 [main] INFO  marytts.AcousticModeller Module started (ALLOPHONES->ACOUSTPARAMS, locale null).
2016-06-08 21:45:20,267 [main] INFO  marytts.AcousticModeller Starting power-on self test.
2016-06-08 21:45:20,267 [main] INFO  marytts.AcousticModeller Power-on self test complete.
2016-06-08 21:45:20,267 [main] INFO  marytts.Realised acoustparams extractor Module started (AUDIO->REALISED_ACOUSTPARAMS, locale null).
2016-06-08 21:45:20,267 [main] INFO  marytts.Realised acoustparams extractor Starting power-on self test.
2016-06-08 21:45:20,267 [main] INFO  marytts.Realised acoustparams extractor Power-on self test complete.
2016-06-08 21:45:20,267 [main] INFO  marytts.Realised durations extractor Module started (AUDIO->REALISED_DURATIONS, locale null).
2016-06-08 21:45:20,267 [main] INFO  marytts.Realised durations extractor Starting power-on self test.
2016-06-08 21:45:20,267 [main] INFO  marytts.Realised durations extractor Power-on self test complete.
2016-06-08 21:45:20,267 [main] INFO  marytts.Praat TextGrid generator Module started (AUDIO->PRAAT_TEXTGRID, locale null).
2016-06-08 21:45:20,267 [main] INFO  marytts.Praat TextGrid generator Starting power-on self test.
2016-06-08 21:45:20,267 [main] INFO  marytts.Praat TextGrid generator Power-on self test complete.
2016-06-08 21:45:20,268 [main] INFO  marytts.main Startup complete.
2016-06-08 21:45:36,987 [main] INFO  marytts.main Mary starting up...
2016-06-08 21:45:36,990 [main] INFO  marytts.main Specification version 5.1.2
2016-06-08 21:45:36,990 [main] INFO  marytts.main Implementation version unknown
2016-06-08 21:45:36,990 [main] INFO  marytts.main Running on a Java 1.8.0_91 implementation by Oracle Corporation, on a Windows 10 platform (amd64, 10.0)
2016-06-08 21:45:37,056 [main] INFO  marytts.ModuleRegistry Now initiating mary module 'marytts.language.en.JTokeniser'
2016-06-08 21:45:37,060 [main] INFO  marytts.ModuleRegistry Now initiating mary module 'marytts.language.en.FreeTTSTokenToWords'
2016-06-08 21:45:37,061 [main] INFO  marytts.ModuleRegistry Now initiating mary module 'marytts.modules.JPhonemiser(en_US.)'
2016-06-08 21:45:37,063 [main] INFO  marytts.JPhonemiser User dictionary '.\user-dictionaries\userdict-en_US.txt' for locale 'en_US' does not exist. Ignoring.
2016-06-08 21:45:37,130 [main] INFO  marytts.ModuleRegistry Now initiating mary module 'marytts.modules.JPhonemiser(en_GB.)'
2016-06-08 21:45:37,130 [main] INFO  marytts.JPhonemiser User dictionary '.\user-dictionaries\userdict-en_GB.txt' for locale 'en_GB' does not exist. Ignoring.
2016-06-08 21:45:37,169 [main] INFO  marytts.ModuleRegistry Now initiating mary module 'marytts.language.en.Prosody'
2016-06-08 21:45:37,171 [main] INFO  marytts.ModuleRegistry Now initiating mary module 'marytts.modules.SimplePhoneme2AP(en_US)'
2016-06-08 21:45:37,172 [main] INFO  marytts.ModuleRegistry Now initiating mary module 'marytts.language.en.Utt2XMLWordsEn'
2016-06-08 21:45:37,174 [main] INFO  marytts.ModuleRegistry Now initiating mary module 'marytts.language.en.XML2UttTokensEn'
2016-06-08 21:45:37,176 [main] INFO  marytts.ModuleRegistry Now initiating mary module 'marytts.language.en.PronunciationModel'
2016-06-08 21:45:37,177 [main] INFO  marytts.ModuleRegistry Now initiating mary module 'marytts.modules.OpenNLPPosTagger(en,en.pos)'
2016-06-08 21:45:37,178 [main] INFO  marytts.ModuleRegistry Now initiating mary module 'marytts.modules.Synthesis'
2016-06-08 21:45:37,178 [main] INFO  marytts.ModuleRegistry Now initiating mary module 'marytts.modules.TextToMaryXML'
2016-06-08 21:45:37,179 [main] INFO  marytts.ModuleRegistry Now initiating mary module 'marytts.modules.SableParser'
2016-06-08 21:45:37,179 [main] INFO  marytts.ModuleRegistry Now initiating mary module 'marytts.modules.SSMLParser'
2016-06-08 21:45:37,180 [main] INFO  marytts.ModuleRegistry Now initiating mary module 'marytts.modules.APMLParser'
2016-06-08 21:45:37,180 [main] INFO  marytts.ModuleRegistry Now initiating mary module 'marytts.modules.EmotionmlParser'
2016-06-08 21:45:37,180 [main] INFO  marytts.ModuleRegistry Now initiating mary module 'marytts.modules.JTokeniser'
2016-06-08 21:45:37,181 [main] INFO  marytts.ModuleRegistry Now initiating mary module 'marytts.modules.DummyTokens2Words'
2016-06-08 21:45:37,181 [main] INFO  marytts.ModuleRegistry Now initiating mary module 'marytts.modules.ProsodyGeneric'
2016-06-08 21:45:37,181 [main] INFO  marytts.ModuleRegistry Now initiating mary module 'marytts.modules.PronunciationModel'
2016-06-08 21:45:37,181 [main] INFO  marytts.ModuleRegistry Now initiating mary module 'marytts.modules.TargetFeatureLister'
2016-06-08 21:45:37,181 [main] INFO  marytts.ModuleRegistry Now initiating mary module 'marytts.modules.HalfPhoneTargetFeatureLister'
2016-06-08 21:45:37,182 [main] INFO  marytts.ModuleRegistry Now initiating mary module 'marytts.modules.AcousticModeller'
2016-06-08 21:45:37,183 [main] INFO  marytts.ModuleRegistry Now initiating mary module 'marytts.modules.RealisedAcoustparamsExtractor'
2016-06-08 21:45:37,183 [main] INFO  marytts.ModuleRegistry Now initiating mary module 'marytts.modules.RealisedDurationsExtractor'
2016-06-08 21:45:37,183 [main] INFO  marytts.ModuleRegistry Now initiating mary module 'marytts.modules.HTSEngine'
2016-06-08 21:45:37,184 [main] INFO  marytts.ModuleRegistry Now initiating mary module 'marytts.modules.PraatTextGridGenerator'
2016-06-08 21:45:37,186 [main] INFO  marytts.JTokeniser Module started (RAWMARYXML->TOKENS, locale en).
2016-06-08 21:45:37,214 [main] INFO  marytts.JTokeniser Starting power-on self test.
2016-06-08 21:45:37,216 [main] INFO  marytts.JTokeniser Power-on self test complete.
2016-06-08 21:45:37,216 [main] INFO  marytts.TokenToWords Module started (FREETTS_TOKENS->FREETTS_WORDS, locale en).
2016-06-08 21:45:37,217 [main] INFO  marytts.FreeTTSVoices Loading US English FreeTTS voices...
2016-06-08 21:45:37,220 [main] INFO  marytts.FreeTTSVoices done.
2016-06-08 21:45:37,229 [main] INFO  marytts.TokenToWords Starting power-on self test.
2016-06-08 21:45:37,229 [main] INFO  marytts.TokenToWords Power-on self test complete.
2016-06-08 21:45:37,229 [main] INFO  marytts.JPhonemiser Module started (PARTSOFSPEECH->PHONEMES, locale en_US).
2016-06-08 21:45:37,229 [main] INFO  marytts.JPhonemiser Starting power-on self test.
2016-06-08 21:45:37,229 [main] INFO  marytts.JPhonemiser Power-on self test complete.
2016-06-08 21:45:37,229 [main] INFO  marytts.JPhonemiser Module started (PARTSOFSPEECH->PHONEMES, locale en_GB).
2016-06-08 21:45:37,230 [main] INFO  marytts.JPhonemiser Starting power-on self test.
2016-06-08 21:45:37,230 [main] INFO  marytts.JPhonemiser Power-on self test complete.
2016-06-08 21:45:37,237 [main] INFO  marytts.Prosody Module started (PHONEMES->INTONATION, locale en).
2016-06-08 21:45:37,237 [main] INFO  marytts.Prosody Starting power-on self test.
2016-06-08 21:45:37,237 [main] INFO  marytts.Prosody Power-on self test complete.
2016-06-08 21:45:37,237 [main] INFO  marytts.SimplePhoneme2AP Module started (SIMPLEPHONEMES->ACOUSTPARAMS, locale en_US).
2016-06-08 21:45:37,237 [main] INFO  marytts.SimplePhoneme2AP Starting power-on self test.
2016-06-08 21:45:37,242 [main] INFO  marytts.SimplePhoneme2AP Power-on self test complete.
2016-06-08 21:45:37,243 [main] INFO  marytts.Utt2XML WordsEn Module started (FREETTS_WORDS->WORDS, locale en).
2016-06-08 21:45:37,243 [main] INFO  marytts.FreeTTSVoices Loading US English FreeTTS voices...
2016-06-08 21:45:37,243 [main] INFO  marytts.FreeTTSVoices done.
2016-06-08 21:45:37,243 [main] INFO  marytts.Utt2XML WordsEn Starting power-on self test.
2016-06-08 21:45:37,243 [main] INFO  marytts.Utt2XML WordsEn Power-on self test complete.
2016-06-08 21:45:37,243 [main] INFO  marytts.XML2Utt TokensEn Module started (TOKENS->FREETTS_TOKENS, locale en).
2016-06-08 21:45:37,243 [main] INFO  marytts.FreeTTSVoices Loading US English FreeTTS voices...
2016-06-08 21:45:37,243 [main] INFO  marytts.FreeTTSVoices done.
2016-06-08 21:45:37,243 [main] INFO  marytts.XML2Utt TokensEn Starting power-on self test.
2016-06-08 21:45:37,243 [main] INFO  marytts.XML2Utt TokensEn Power-on self test complete.
2016-06-08 21:45:37,243 [main] INFO  marytts.PronunciationModel Module started (INTONATION->ALLOPHONES, locale en).
2016-06-08 21:45:37,243 [main] INFO  marytts.PronunciationModel Starting power-on self test.
2016-06-08 21:45:37,243 [main] INFO  marytts.PronunciationModel Power-on self test complete.
2016-06-08 21:45:37,243 [main] INFO  marytts.OpenNLPPosTagger Module started (WORDS->PARTSOFSPEECH, locale en).
2016-06-08 21:45:37,841 [main] INFO  marytts.OpenNLPPosTagger Starting power-on self test.
2016-06-08 21:45:37,842 [main] INFO  marytts.OpenNLPPosTagger Power-on self test complete.
2016-06-08 21:45:37,843 [main] INFO  marytts.UnitSelectionSynthesizer started.
2016-06-08 21:45:37,844 [main] INFO  marytts.TargetFeatureLister Module started (ACOUSTPARAMS->TARGETFEATURES, locale null).
2016-06-08 21:45:37,844 [main] INFO  marytts.HTSEngine Module started (TARGETFEATURES->AUDIO, locale null).
2016-06-08 21:45:37,856 [main] INFO  marytts.HMMData Loading Tree Set in CARTs:
2016-06-08 21:45:37,905 [main] INFO  marytts.HMMData Loading GV Model Set:
2016-06-08 21:45:38,026 [main] INFO  marytts.Voice Registering voice `cmu-slt-hsmm': female, locale en_US
2016-06-08 21:45:38,031 [main] INFO  marytts.Voice New default voice for locale en_US: cmu-slt-hsmm (desire 0)
2016-06-08 21:45:38,031 [main] INFO  marytts.HMMSynthesizer started.
2016-06-08 21:45:38,031 [main] INFO  marytts.Synthesis Module started (ACOUSTPARAMS->AUDIO, locale null).
2016-06-08 21:45:38,031 [main] INFO  marytts.HMMSynthesizer Starting power-on self test.
2016-06-08 21:45:38,043 [main] INFO  marytts.HTSEngine Using prosody from acoustparams.
2016-06-08 21:45:38,044 [main] INFO  marytts.HTSEngine Number of models in sentence numModel=7  Total number of states numState=35
2016-06-08 21:45:38,044 [main] INFO  marytts.HTSEngine Total number of frames=147  Number of voiced frames=89
2016-06-08 21:45:38,048 [main] INFO  marytts.ParameterGeneration Parameter generation for MGC: 
2016-06-08 21:45:38,048 [main] INFO  marytts.PStream Context-dependent global variance optimization: gvLength = 107
2016-06-08 21:45:38,052 [main] INFO  marytts.PStream Gradient GV optimization for feature: (0)  number of iterations=23
2016-06-08 21:45:38,060 [main] INFO  marytts.PStream Gradient GV optimization for feature: (1)  number of iterations=54
2016-06-08 21:45:38,063 [main] INFO  marytts.PStream Gradient GV optimization for feature: (2)  number of iterations=38
2016-06-08 21:45:38,064 [main] INFO  marytts.PStream Gradient GV optimization for feature: (3)  number of iterations=20
2016-06-08 21:45:38,065 [main] INFO  marytts.PStream Gradient GV optimization for feature: (4)  number of iterations=13
2016-06-08 21:45:38,066 [main] INFO  marytts.PStream Gradient GV optimization for feature: (5)  number of iterations=21
2016-06-08 21:45:38,067 [main] INFO  marytts.PStream Gradient GV optimization for feature: (6)  number of iterations=7
2016-06-08 21:45:38,068 [main] INFO  marytts.PStream Gradient GV optimization for feature: (7)  number of iterations=4
2016-06-08 21:45:38,068 [main] INFO  marytts.PStream Gradient GV optimization for feature: (8)  number of iterations=11
2016-06-08 21:45:38,069 [main] INFO  marytts.PStream Gradient GV optimization for feature: (9)  number of iterations=19
2016-06-08 21:45:38,069 [main] INFO  marytts.PStream Gradient GV optimization for feature: (10)  number of iterations=16
2016-06-08 21:45:38,070 [main] INFO  marytts.PStream Gradient GV optimization for feature: (11)  number of iterations=9
2016-06-08 21:45:38,070 [main] INFO  marytts.PStream Gradient GV optimization for feature: (12)  number of iterations=2
2016-06-08 21:45:38,070 [main] INFO  marytts.PStream Gradient GV optimization for feature: (13)  number of iterations=13
2016-06-08 21:45:38,071 [main] INFO  marytts.PStream Gradient GV optimization for feature: (14)  number of iterations=12
2016-06-08 21:45:38,071 [main] INFO  marytts.PStream Gradient GV optimization for feature: (15)  number of iterations=14
2016-06-08 21:45:38,071 [main] INFO  marytts.PStream Gradient GV optimization for feature: (16)  number of iterations=15
2016-06-08 21:45:38,072 [main] INFO  marytts.PStream Gradient GV optimization for feature: (17)  number of iterations=14
2016-06-08 21:45:38,072 [main] INFO  marytts.PStream Gradient GV optimization for feature: (18)  number of iterations=19
2016-06-08 21:45:38,073 [main] INFO  marytts.PStream Gradient GV optimization for feature: (19)  number of iterations=12
2016-06-08 21:45:38,073 [main] INFO  marytts.PStream Gradient GV optimization for feature: (20)  number of iterations=17
2016-06-08 21:45:38,074 [main] INFO  marytts.PStream Gradient GV optimization for feature: (21)  number of iterations=23
2016-06-08 21:45:38,074 [main] INFO  marytts.PStream Gradient GV optimization for feature: (22)  number of iterations=12
2016-06-08 21:45:38,075 [main] INFO  marytts.PStream Gradient GV optimization for feature: (23)  number of iterations=18
2016-06-08 21:45:38,075 [main] INFO  marytts.PStream Gradient GV optimization for feature: (24)  number of iterations=12
2016-06-08 21:45:38,075 [main] INFO  marytts.PStream Gradient GV optimization for feature: (25)  number of iterations=11
2016-06-08 21:45:38,076 [main] INFO  marytts.PStream Gradient GV optimization for feature: (26)  number of iterations=13
2016-06-08 21:45:38,076 [main] INFO  marytts.PStream Gradient GV optimization for feature: (27)  number of iterations=9
2016-06-08 21:45:38,077 [main] INFO  marytts.PStream Gradient GV optimization for feature: (28)  number of iterations=13
2016-06-08 21:45:38,077 [main] INFO  marytts.PStream Gradient GV optimization for feature: (29)  number of iterations=8
2016-06-08 21:45:38,077 [main] INFO  marytts.PStream Gradient GV optimization for feature: (30)  number of iterations=11
2016-06-08 21:45:38,078 [main] INFO  marytts.PStream Gradient GV optimization for feature: (31)  number of iterations=12
2016-06-08 21:45:38,078 [main] INFO  marytts.PStream Gradient GV optimization for feature: (32)  number of iterations=7
2016-06-08 21:45:38,079 [main] INFO  marytts.PStream Gradient GV optimization for feature: (33)  number of iterations=8
2016-06-08 21:45:38,079 [main] INFO  marytts.PStream Gradient GV optimization for feature: (34)  number of iterations=12
2016-06-08 21:45:38,079 [main] INFO  marytts.ParameterGeneration Using f0 from maryXML acoustparams
2016-06-08 21:45:38,079 [main] INFO  marytts.PStream Context-dependent global variance optimization: gvLength = 107
2016-06-08 21:45:38,080 [main] INFO  marytts.PStream Gradient GV optimization for feature: (0)  number of iterations=16
2016-06-08 21:45:38,080 [main] INFO  marytts.PStream Gradient GV optimization for feature: (1)  number of iterations=2
2016-06-08 21:45:38,080 [main] INFO  marytts.PStream Gradient GV optimization for feature: (2)  number of iterations=2
2016-06-08 21:45:38,081 [main] INFO  marytts.PStream Gradient GV optimization for feature: (3)  number of iterations=8
2016-06-08 21:45:38,081 [main] INFO  marytts.PStream Gradient GV optimization for feature: (4)  number of iterations=26
2016-06-08 21:45:38,087 [main] INFO  marytts.HMMSynthesizer Power-on self test complete.
2016-06-08 21:45:38,087 [main] INFO  marytts.TextToMaryXML Module started (TEXT->RAWMARYXML, locale null).
2016-06-08 21:45:38,087 [main] INFO  marytts.TextToMaryXML Starting power-on self test.
2016-06-08 21:45:38,088 [main] WARN  marytts.TextToMaryXML Locale is null, overriding with de_DE
2016-06-08 21:45:38,088 [main] WARN  marytts.TextToMaryXML Locale is null, overriding with de_DE
2016-06-08 21:45:38,088 [main] INFO  marytts.TextToMaryXML Power-on self test complete.
2016-06-08 21:45:38,346 [main] INFO  marytts.SableParser Module started (SABLE->RAWMARYXML, locale null).
2016-06-08 21:45:38,346 [main] INFO  marytts.SableParser Starting power-on self test.
2016-06-08 21:45:38,346 [main] INFO  marytts.SableParser Power-on self test complete.
2016-06-08 21:45:38,393 [main] INFO  marytts.SSMLParser Module started (SSML->RAWMARYXML, locale null).
2016-06-08 21:45:38,393 [main] INFO  marytts.SSMLParser Starting power-on self test.
2016-06-08 21:45:38,393 [main] INFO  marytts.SSMLParser Power-on self test complete.
2016-06-08 21:45:38,433 [main] INFO  marytts.APMLParser Module started (APML->RAWMARYXML, locale null).
2016-06-08 21:45:38,433 [main] INFO  marytts.APMLParser Starting power-on self test.
2016-06-08 21:45:38,433 [main] INFO  marytts.APMLParser Power-on self test complete.
2016-06-08 21:45:38,457 [main] INFO  marytts.EmotionmlParser Module started (EMOTIONML->RAWMARYXML, locale null).
2016-06-08 21:45:38,457 [main] INFO  marytts.EmotionmlParser Starting power-on self test.
2016-06-08 21:45:38,457 [main] INFO  marytts.EmotionmlParser Power-on self test complete.
2016-06-08 21:45:38,457 [main] INFO  marytts.JTokeniser Module started (RAWMARYXML->TOKENS, locale null).
2016-06-08 21:45:38,467 [main] INFO  marytts.JTokeniser Starting power-on self test.
2016-06-08 21:45:38,467 [main] INFO  marytts.JTokeniser Power-on self test complete.
2016-06-08 21:45:38,468 [main] INFO  marytts.DummyTokens2Words Module started (TOKENS->WORDS, locale null).
2016-06-08 21:45:38,468 [main] INFO  marytts.DummyTokens2Words Starting power-on self test.
2016-06-08 21:45:38,468 [main] INFO  marytts.DummyTokens2Words Power-on self test complete.
2016-06-08 21:45:38,472 [main] INFO  marytts.Prosody Module started (PHONEMES->INTONATION, locale null).
2016-06-08 21:45:38,472 [main] INFO  marytts.Prosody Starting power-on self test.
2016-06-08 21:45:38,472 [main] INFO  marytts.Prosody Power-on self test complete.
2016-06-08 21:45:38,472 [main] INFO  marytts.PronunciationModel Module started (INTONATION->ALLOPHONES, locale null).
2016-06-08 21:45:38,472 [main] INFO  marytts.PronunciationModel Starting power-on self test.
2016-06-08 21:45:38,472 [main] INFO  marytts.PronunciationModel Power-on self test complete.
2016-06-08 21:45:38,472 [main] INFO  marytts.TargetFeatureLister Starting power-on self test.
2016-06-08 21:45:38,472 [main] INFO  marytts.TargetFeatureLister Power-on self test complete.
2016-06-08 21:45:38,472 [main] INFO  marytts.TargetFeatureLister Module started (ACOUSTPARAMS->HALFPHONE_TARGETFEATURES, locale null).
2016-06-08 21:45:38,472 [main] INFO  marytts.TargetFeatureLister Starting power-on self test.
2016-06-08 21:45:38,472 [main] INFO  marytts.TargetFeatureLister Power-on self test complete.
2016-06-08 21:45:38,472 [main] INFO  marytts.AcousticModeller Module started (ALLOPHONES->ACOUSTPARAMS, locale null).
2016-06-08 21:45:38,472 [main] INFO  marytts.AcousticModeller Starting power-on self test.
2016-06-08 21:45:38,473 [main] INFO  marytts.AcousticModeller Power-on self test complete.
2016-06-08 21:45:38,473 [main] INFO  marytts.Realised acoustparams extractor Module started (AUDIO->REALISED_ACOUSTPARAMS, locale null).
2016-06-08 21:45:38,473 [main] INFO  marytts.Realised acoustparams extractor Starting power-on self test.
2016-06-08 21:45:38,473 [main] INFO  marytts.Realised acoustparams extractor Power-on self test complete.
2016-06-08 21:45:38,473 [main] INFO  marytts.Realised durations extractor Module started (AUDIO->REALISED_DURATIONS, locale null).
2016-06-08 21:45:38,473 [main] INFO  marytts.Realised durations extractor Starting power-on self test.
2016-06-08 21:45:38,473 [main] INFO  marytts.Realised durations extractor Power-on self test complete.
2016-06-08 21:45:38,473 [main] INFO  marytts.Praat TextGrid generator Module started (AUDIO->PRAAT_TEXTGRID, locale null).
2016-06-08 21:45:38,473 [main] INFO  marytts.Praat TextGrid generator Starting power-on self test.
2016-06-08 21:45:38,473 [main] INFO  marytts.Praat TextGrid generator Power-on self test complete.
2016-06-08 21:45:38,474 [main] INFO  marytts.main Startup complete.
